<?xml version="1.0" encoding="UTF-8" ?>
<testsuite errors="0" failures="0" hostname="mdkr-mbp.local" name="nl.ica.ddoa.dda.example.MathToolsTest" tests="2" time="0.0050" timestamp="2012-01-31T10:32:55">
  <properties>
[...]
</properties>
  <testcase classname="nl.ica.ddoa.dda.example.MathToolsTest" name="positieveGetallen" time="0.0010" />
  <testcase classname="nl.ica.ddoa.dda.example.MathToolsTest" name="negatieveGetallen" time="0.0" />
  <system-out><![CDATA[]]></system-out>
  <system-err><![CDATA[]]></system-err>
</testsuite>
